{"total": {"lines":{"total":1520,"covered":327,"skipped":0,"pct":21.51},"statements":{"total":1520,"covered":327,"skipped":0,"pct":21.51},"functions":{"total":102,"covered":58,"skipped":0,"pct":56.86},"branches":{"total":131,"covered":82,"skipped":0,"pct":62.59},"branchesTrue":{"total":0,"covered":0,"skipped":0,"pct":100}}
,"E:\\Fauzan\\Karir\\Peruri\\cinema-booking-fe\\astro.config.mjs": {"lines":{"total":18,"covered":0,"skipped":0,"pct":0},"functions":{"total":1,"covered":0,"skipped":0,"pct":0},"statements":{"total":18,"covered":0,"skipped":0,"pct":0},"branches":{"total":1,"covered":0,"skipped":0,"pct":0}}
,"E:\\Fauzan\\Karir\\Peruri\\cinema-booking-fe\\prettier.config.cjs": {"lines":{"total":3,"covered":0,"skipped":0,"pct":0},"functions":{"total":1,"covered":0,"skipped":0,"pct":0},"statements":{"total":3,"covered":0,"skipped":0,"pct":0},"branches":{"total":1,"covered":0,"skipped":0,"pct":0}}
,"E:\\Fauzan\\Karir\\Peruri\\cinema-booking-fe\\vitest.config.ts": {"lines":{"total":44,"covered":0,"skipped":0,"pct":0},"functions":{"total":1,"covered":1,"skipped":0,"pct":100},"statements":{"total":44,"covered":0,"skipped":0,"pct":0},"branches":{"total":1,"covered":1,"skipped":0,"pct":100}}
,"E:\\Fauzan\\Karir\\Peruri\\cinema-booking-fe\\.astro\\content-assets.mjs": {"lines":{"total":1,"covered":0,"skipped":0,"pct":0},"functions":{"total":1,"covered":0,"skipped":0,"pct":0},"statements":{"total":1,"covered":0,"skipped":0,"pct":0},"branches":{"total":1,"covered":0,"skipped":0,"pct":0}}
,"E:\\Fauzan\\Karir\\Peruri\\cinema-booking-fe\\.astro\\content-modules.mjs": {"lines":{"total":1,"covered":0,"skipped":0,"pct":0},"functions":{"total":1,"covered":0,"skipped":0,"pct":0},"statements":{"total":1,"covered":0,"skipped":0,"pct":0},"branches":{"total":1,"covered":0,"skipped":0,"pct":0}}
,"E:\\Fauzan\\Karir\\Peruri\\cinema-booking-fe\\.astro\\content.d.ts": {"lines":{"total":0,"covered":0,"skipped":0,"pct":0},"functions":{"total":1,"covered":1,"skipped":0,"pct":0},"statements":{"total":0,"covered":0,"skipped":0,"pct":0},"branches":{"total":1,"covered":1,"skipped":0,"pct":0}}
,"E:\\Fauzan\\Karir\\Peruri\\cinema-booking-fe\\.astro\\types.d.ts": {"lines":{"total":0,"covered":0,"skipped":0,"pct":0},"functions":{"total":1,"covered":1,"skipped":0,"pct":0},"statements":{"total":0,"covered":0,"skipped":0,"pct":0},"branches":{"total":1,"covered":1,"skipped":0,"pct":0}}
,"E:\\Fauzan\\Karir\\Peruri\\cinema-booking-fe\\src\\auth.ts": {"lines":{"total":20,"covered":0,"skipped":0,"pct":0},"functions":{"total":1,"covered":0,"skipped":0,"pct":0},"statements":{"total":20,"covered":0,"skipped":0,"pct":0},"branches":{"total":1,"covered":0,"skipped":0,"pct":0}}
,"E:\\Fauzan\\Karir\\Peruri\\cinema-booking-fe\\src\\middleware.ts": {"lines":{"total":21,"covered":0,"skipped":0,"pct":0},"functions":{"total":1,"covered":0,"skipped":0,"pct":0},"statements":{"total":21,"covered":0,"skipped":0,"pct":0},"branches":{"total":1,"covered":0,"skipped":0,"pct":0}}
,"E:\\Fauzan\\Karir\\Peruri\\cinema-booking-fe\\src\\common\\domain\\menu.entity.ts": {"lines":{"total":0,"covered":0,"skipped":0,"pct":0},"functions":{"total":1,"covered":1,"skipped":0,"pct":0},"statements":{"total":0,"covered":0,"skipped":0,"pct":0},"branches":{"total":1,"covered":1,"skipped":0,"pct":0}}
,"E:\\Fauzan\\Karir\\Peruri\\cinema-booking-fe\\src\\common\\infrastructure\\datasource\\api.tsx": {"lines":{"total":38,"covered":0,"skipped":0,"pct":0},"functions":{"total":1,"covered":0,"skipped":0,"pct":0},"statements":{"total":38,"covered":0,"skipped":0,"pct":0},"branches":{"total":1,"covered":0,"skipped":0,"pct":0}}
,"E:\\Fauzan\\Karir\\Peruri\\cinema-booking-fe\\src\\common\\infrastructure\\datasource\\proxyApi.tsx": {"lines":{"total":38,"covered":0,"skipped":0,"pct":0},"functions":{"total":1,"covered":0,"skipped":0,"pct":0},"statements":{"total":38,"covered":0,"skipped":0,"pct":0},"branches":{"total":1,"covered":0,"skipped":0,"pct":0}}
,"E:\\Fauzan\\Karir\\Peruri\\cinema-booking-fe\\src\\common\\libs\\authClient.ts": {"lines":{"total":2,"covered":0,"skipped":0,"pct":0},"functions":{"total":1,"covered":0,"skipped":0,"pct":0},"statements":{"total":2,"covered":0,"skipped":0,"pct":0},"branches":{"total":1,"covered":0,"skipped":0,"pct":0}}
,"E:\\Fauzan\\Karir\\Peruri\\cinema-booking-fe\\src\\common\\libs\\utils\\auth.utils.ts": {"lines":{"total":7,"covered":0,"skipped":0,"pct":0},"functions":{"total":1,"covered":0,"skipped":0,"pct":0},"statements":{"total":7,"covered":0,"skipped":0,"pct":0},"branches":{"total":1,"covered":0,"skipped":0,"pct":0}}
,"E:\\Fauzan\\Karir\\Peruri\\cinema-booking-fe\\src\\common\\libs\\utils\\zod.utils.ts": {"lines":{"total":10,"covered":0,"skipped":0,"pct":0},"functions":{"total":1,"covered":1,"skipped":0,"pct":100},"statements":{"total":10,"covered":0,"skipped":0,"pct":0},"branches":{"total":1,"covered":1,"skipped":0,"pct":100}}
,"E:\\Fauzan\\Karir\\Peruri\\cinema-booking-fe\\src\\common\\presentation\\component\\Button\\Button.tsx": {"lines":{"total":20,"covered":20,"skipped":0,"pct":100},"functions":{"total":0,"covered":0,"skipped":0,"pct":100},"statements":{"total":20,"covered":20,"skipped":0,"pct":100},"branches":{"total":5,"covered":5,"skipped":0,"pct":100}}
,"E:\\Fauzan\\Karir\\Peruri\\cinema-booking-fe\\src\\common\\presentation\\component\\FormGroup\\FormGroup.tsx": {"lines":{"total":16,"covered":0,"skipped":0,"pct":0},"functions":{"total":1,"covered":0,"skipped":0,"pct":0},"statements":{"total":16,"covered":0,"skipped":0,"pct":0},"branches":{"total":1,"covered":0,"skipped":0,"pct":0}}
,"E:\\Fauzan\\Karir\\Peruri\\cinema-booking-fe\\src\\common\\presentation\\component\\FormMessage\\FormMessage.tsx": {"lines":{"total":4,"covered":0,"skipped":0,"pct":0},"functions":{"total":1,"covered":1,"skipped":0,"pct":100},"statements":{"total":4,"covered":0,"skipped":0,"pct":0},"branches":{"total":1,"covered":1,"skipped":0,"pct":100}}
,"E:\\Fauzan\\Karir\\Peruri\\cinema-booking-fe\\src\\common\\presentation\\component\\Input\\Input.tsx": {"lines":{"total":14,"covered":0,"skipped":0,"pct":0},"functions":{"total":1,"covered":0,"skipped":0,"pct":0},"statements":{"total":14,"covered":0,"skipped":0,"pct":0},"branches":{"total":1,"covered":0,"skipped":0,"pct":0}}
,"E:\\Fauzan\\Karir\\Peruri\\cinema-booking-fe\\src\\common\\presentation\\component\\Navigation\\Menu.tsx": {"lines":{"total":28,"covered":0,"skipped":0,"pct":0},"functions":{"total":1,"covered":1,"skipped":0,"pct":100},"statements":{"total":28,"covered":0,"skipped":0,"pct":0},"branches":{"total":1,"covered":1,"skipped":0,"pct":100}}
,"E:\\Fauzan\\Karir\\Peruri\\cinema-booking-fe\\src\\common\\presentation\\component\\Navigation\\Navigation.tsx": {"lines":{"total":42,"covered":0,"skipped":0,"pct":0},"functions":{"total":1,"covered":1,"skipped":0,"pct":100},"statements":{"total":42,"covered":0,"skipped":0,"pct":0},"branches":{"total":1,"covered":1,"skipped":0,"pct":100}}
,"E:\\Fauzan\\Karir\\Peruri\\cinema-booking-fe\\src\\common\\presentation\\component\\PasswordInput\\PasswordInput.tsx": {"lines":{"total":27,"covered":0,"skipped":0,"pct":0},"functions":{"total":1,"covered":0,"skipped":0,"pct":0},"statements":{"total":27,"covered":0,"skipped":0,"pct":0},"branches":{"total":1,"covered":0,"skipped":0,"pct":0}}
,"E:\\Fauzan\\Karir\\Peruri\\cinema-booking-fe\\src\\features\\authentication\\application\\usecase\\login.usecase.ts": {"lines":{"total":4,"covered":0,"skipped":0,"pct":0},"functions":{"total":1,"covered":1,"skipped":0,"pct":100},"statements":{"total":4,"covered":0,"skipped":0,"pct":0},"branches":{"total":1,"covered":1,"skipped":0,"pct":100}}
,"E:\\Fauzan\\Karir\\Peruri\\cinema-booking-fe\\src\\features\\authentication\\application\\usecase\\register.usecase.ts": {"lines":{"total":4,"covered":0,"skipped":0,"pct":0},"functions":{"total":1,"covered":1,"skipped":0,"pct":100},"statements":{"total":4,"covered":0,"skipped":0,"pct":0},"branches":{"total":1,"covered":1,"skipped":0,"pct":100}}
,"E:\\Fauzan\\Karir\\Peruri\\cinema-booking-fe\\src\\features\\authentication\\domain\\entity\\authUser.entity.ts": {"lines":{"total":0,"covered":0,"skipped":0,"pct":0},"functions":{"total":1,"covered":1,"skipped":0,"pct":0},"statements":{"total":0,"covered":0,"skipped":0,"pct":0},"branches":{"total":1,"covered":1,"skipped":0,"pct":0}}
,"E:\\Fauzan\\Karir\\Peruri\\cinema-booking-fe\\src\\features\\authentication\\domain\\entity\\inputLogin.entity.ts": {"lines":{"total":0,"covered":0,"skipped":0,"pct":0},"functions":{"total":1,"covered":1,"skipped":0,"pct":0},"statements":{"total":0,"covered":0,"skipped":0,"pct":0},"branches":{"total":1,"covered":1,"skipped":0,"pct":0}}
,"E:\\Fauzan\\Karir\\Peruri\\cinema-booking-fe\\src\\features\\authentication\\domain\\entity\\inputRegister.entity.ts": {"lines":{"total":0,"covered":0,"skipped":0,"pct":0},"functions":{"total":1,"covered":1,"skipped":0,"pct":0},"statements":{"total":0,"covered":0,"skipped":0,"pct":0},"branches":{"total":1,"covered":1,"skipped":0,"pct":0}}
,"E:\\Fauzan\\Karir\\Peruri\\cinema-booking-fe\\src\\features\\authentication\\domain\\entity\\user.entity.ts": {"lines":{"total":7,"covered":0,"skipped":0,"pct":0},"functions":{"total":1,"covered":0,"skipped":0,"pct":0},"statements":{"total":7,"covered":0,"skipped":0,"pct":0},"branches":{"total":1,"covered":0,"skipped":0,"pct":0}}
,"E:\\Fauzan\\Karir\\Peruri\\cinema-booking-fe\\src\\features\\authentication\\domain\\repository\\authentication.repository.ts": {"lines":{"total":0,"covered":0,"skipped":0,"pct":0},"functions":{"total":1,"covered":1,"skipped":0,"pct":0},"statements":{"total":0,"covered":0,"skipped":0,"pct":0},"branches":{"total":1,"covered":1,"skipped":0,"pct":0}}
,"E:\\Fauzan\\Karir\\Peruri\\cinema-booking-fe\\src\\features\\authentication\\infrastructure\\datasource\\authentication.datasource.ts": {"lines":{"total":19,"covered":0,"skipped":0,"pct":0},"functions":{"total":1,"covered":1,"skipped":0,"pct":100},"statements":{"total":19,"covered":0,"skipped":0,"pct":0},"branches":{"total":1,"covered":1,"skipped":0,"pct":100}}
,"E:\\Fauzan\\Karir\\Peruri\\cinema-booking-fe\\src\\features\\authentication\\infrastructure\\model\\authUser.model.ts": {"lines":{"total":0,"covered":0,"skipped":0,"pct":0},"functions":{"total":1,"covered":1,"skipped":0,"pct":0},"statements":{"total":0,"covered":0,"skipped":0,"pct":0},"branches":{"total":1,"covered":1,"skipped":0,"pct":0}}
,"E:\\Fauzan\\Karir\\Peruri\\cinema-booking-fe\\src\\features\\authentication\\presentation\\components\\GoogleSSOButton\\GoogleSSOButton.tsx": {"lines":{"total":22,"covered":0,"skipped":0,"pct":0},"functions":{"total":1,"covered":0,"skipped":0,"pct":0},"statements":{"total":22,"covered":0,"skipped":0,"pct":0},"branches":{"total":1,"covered":0,"skipped":0,"pct":0}}
,"E:\\Fauzan\\Karir\\Peruri\\cinema-booking-fe\\src\\features\\authentication\\presentation\\components\\LoginForm\\LoginForm.tsx": {"lines":{"total":49,"covered":0,"skipped":0,"pct":0},"functions":{"total":1,"covered":0,"skipped":0,"pct":0},"statements":{"total":49,"covered":0,"skipped":0,"pct":0},"branches":{"total":1,"covered":0,"skipped":0,"pct":0}}
,"E:\\Fauzan\\Karir\\Peruri\\cinema-booking-fe\\src\\features\\authentication\\presentation\\components\\LogoutButton\\LogoutButton.tsx": {"lines":{"total":18,"covered":0,"skipped":0,"pct":0},"functions":{"total":1,"covered":0,"skipped":0,"pct":0},"statements":{"total":18,"covered":0,"skipped":0,"pct":0},"branches":{"total":1,"covered":0,"skipped":0,"pct":0}}
,"E:\\Fauzan\\Karir\\Peruri\\cinema-booking-fe\\src\\features\\authentication\\presentation\\components\\RegisterForm\\RegisterForm.tsx": {"lines":{"total":63,"covered":0,"skipped":0,"pct":0},"functions":{"total":1,"covered":0,"skipped":0,"pct":0},"statements":{"total":63,"covered":0,"skipped":0,"pct":0},"branches":{"total":1,"covered":0,"skipped":0,"pct":0}}
,"E:\\Fauzan\\Karir\\Peruri\\cinema-booking-fe\\src\\features\\authentication\\presentation\\schema\\login.schema.ts": {"lines":{"total":5,"covered":0,"skipped":0,"pct":0},"functions":{"total":1,"covered":0,"skipped":0,"pct":0},"statements":{"total":5,"covered":0,"skipped":0,"pct":0},"branches":{"total":1,"covered":0,"skipped":0,"pct":0}}
,"E:\\Fauzan\\Karir\\Peruri\\cinema-booking-fe\\src\\features\\authentication\\presentation\\schema\\register.schema.ts": {"lines":{"total":12,"covered":0,"skipped":0,"pct":0},"functions":{"total":1,"covered":0,"skipped":0,"pct":0},"statements":{"total":12,"covered":0,"skipped":0,"pct":0},"branches":{"total":1,"covered":0,"skipped":0,"pct":0}}
,"E:\\Fauzan\\Karir\\Peruri\\cinema-booking-fe\\src\\features\\booking\\domain\\entity\\bookingValidation.entity.ts": {"lines":{"total":0,"covered":0,"skipped":0,"pct":0},"functions":{"total":1,"covered":1,"skipped":0,"pct":0},"statements":{"total":0,"covered":0,"skipped":0,"pct":0},"branches":{"total":1,"covered":1,"skipped":0,"pct":0}}
,"E:\\Fauzan\\Karir\\Peruri\\cinema-booking-fe\\src\\features\\booking\\domain\\entity\\inputOfflineBooking.entity.ts": {"lines":{"total":0,"covered":0,"skipped":0,"pct":0},"functions":{"total":1,"covered":1,"skipped":0,"pct":0},"statements":{"total":0,"covered":0,"skipped":0,"pct":0},"branches":{"total":1,"covered":1,"skipped":0,"pct":0}}
,"E:\\Fauzan\\Karir\\Peruri\\cinema-booking-fe\\src\\features\\booking\\domain\\entity\\inputOnlineBooking.entity.ts": {"lines":{"total":0,"covered":0,"skipped":0,"pct":0},"functions":{"total":1,"covered":1,"skipped":0,"pct":0},"statements":{"total":0,"covered":0,"skipped":0,"pct":0},"branches":{"total":1,"covered":1,"skipped":0,"pct":0}}
,"E:\\Fauzan\\Karir\\Peruri\\cinema-booking-fe\\src\\features\\booking\\domain\\entity\\ticket.entity.ts": {"lines":{"total":0,"covered":0,"skipped":0,"pct":0},"functions":{"total":1,"covered":1,"skipped":0,"pct":0},"statements":{"total":0,"covered":0,"skipped":0,"pct":0},"branches":{"total":1,"covered":1,"skipped":0,"pct":0}}
,"E:\\Fauzan\\Karir\\Peruri\\cinema-booking-fe\\src\\features\\booking\\domain\\repository\\booking.repository.ts": {"lines":{"total":0,"covered":0,"skipped":0,"pct":0},"functions":{"total":1,"covered":1,"skipped":0,"pct":0},"statements":{"total":0,"covered":0,"skipped":0,"pct":0},"branches":{"total":1,"covered":1,"skipped":0,"pct":0}}
,"E:\\Fauzan\\Karir\\Peruri\\cinema-booking-fe\\src\\features\\booking\\infrastructure\\datasource\\booking.datasource.ts": {"lines":{"total":51,"covered":0,"skipped":0,"pct":0},"functions":{"total":1,"covered":1,"skipped":0,"pct":100},"statements":{"total":51,"covered":0,"skipped":0,"pct":0},"branches":{"total":1,"covered":1,"skipped":0,"pct":100}}
,"E:\\Fauzan\\Karir\\Peruri\\cinema-booking-fe\\src\\features\\booking\\infrastructure\\mapper\\ticket.mapper.ts": {"lines":{"total":22,"covered":0,"skipped":0,"pct":0},"functions":{"total":1,"covered":1,"skipped":0,"pct":100},"statements":{"total":22,"covered":0,"skipped":0,"pct":0},"branches":{"total":1,"covered":1,"skipped":0,"pct":100}}
,"E:\\Fauzan\\Karir\\Peruri\\cinema-booking-fe\\src\\features\\booking\\infrastructure\\model\\booking.model.ts": {"lines":{"total":0,"covered":0,"skipped":0,"pct":0},"functions":{"total":1,"covered":1,"skipped":0,"pct":0},"statements":{"total":0,"covered":0,"skipped":0,"pct":0},"branches":{"total":1,"covered":1,"skipped":0,"pct":0}}
,"E:\\Fauzan\\Karir\\Peruri\\cinema-booking-fe\\src\\features\\booking\\infrastructure\\model\\bookingValidation.model.ts": {"lines":{"total":0,"covered":0,"skipped":0,"pct":0},"functions":{"total":1,"covered":1,"skipped":0,"pct":0},"statements":{"total":0,"covered":0,"skipped":0,"pct":0},"branches":{"total":1,"covered":1,"skipped":0,"pct":0}}
,"E:\\Fauzan\\Karir\\Peruri\\cinema-booking-fe\\src\\features\\cinema\\domain\\entity\\seat.entity.ts": {"lines":{"total":0,"covered":0,"skipped":0,"pct":0},"functions":{"total":1,"covered":1,"skipped":0,"pct":0},"statements":{"total":0,"covered":0,"skipped":0,"pct":0},"branches":{"total":1,"covered":1,"skipped":0,"pct":0}}
,"E:\\Fauzan\\Karir\\Peruri\\cinema-booking-fe\\src\\features\\cinema\\domain\\entity\\studio.entity.ts": {"lines":{"total":0,"covered":0,"skipped":0,"pct":0},"functions":{"total":1,"covered":1,"skipped":0,"pct":0},"statements":{"total":0,"covered":0,"skipped":0,"pct":0},"branches":{"total":1,"covered":1,"skipped":0,"pct":0}}
,"E:\\Fauzan\\Karir\\Peruri\\cinema-booking-fe\\src\\features\\cinema\\domain\\repository\\cinema.repository.ts": {"lines":{"total":0,"covered":0,"skipped":0,"pct":0},"functions":{"total":1,"covered":1,"skipped":0,"pct":0},"statements":{"total":0,"covered":0,"skipped":0,"pct":0},"branches":{"total":1,"covered":1,"skipped":0,"pct":0}}
,"E:\\Fauzan\\Karir\\Peruri\\cinema-booking-fe\\src\\features\\cinema\\infrastructure\\datasource\\cinema.datasource.ts": {"lines":{"total":19,"covered":19,"skipped":0,"pct":100},"functions":{"total":3,"covered":3,"skipped":0,"pct":100},"statements":{"total":19,"covered":19,"skipped":0,"pct":100},"branches":{"total":5,"covered":5,"skipped":0,"pct":100}}
,"E:\\Fauzan\\Karir\\Peruri\\cinema-booking-fe\\src\\features\\cinema\\infrastructure\\mapper\\seat.mapper.ts": {"lines":{"total":17,"covered":17,"skipped":0,"pct":100},"functions":{"total":2,"covered":2,"skipped":0,"pct":100},"statements":{"total":17,"covered":17,"skipped":0,"pct":100},"branches":{"total":2,"covered":2,"skipped":0,"pct":100}}
,"E:\\Fauzan\\Karir\\Peruri\\cinema-booking-fe\\src\\features\\cinema\\infrastructure\\mapper\\studio.mapper.ts": {"lines":{"total":14,"covered":14,"skipped":0,"pct":100},"functions":{"total":2,"covered":2,"skipped":0,"pct":100},"statements":{"total":14,"covered":14,"skipped":0,"pct":100},"branches":{"total":2,"covered":2,"skipped":0,"pct":100}}
,"E:\\Fauzan\\Karir\\Peruri\\cinema-booking-fe\\src\\features\\cinema\\infrastructure\\model\\seat.model.ts": {"lines":{"total":0,"covered":0,"skipped":0,"pct":0},"functions":{"total":1,"covered":1,"skipped":0,"pct":0},"statements":{"total":0,"covered":0,"skipped":0,"pct":0},"branches":{"total":1,"covered":1,"skipped":0,"pct":0}}
,"E:\\Fauzan\\Karir\\Peruri\\cinema-booking-fe\\src\\features\\cinema\\infrastructure\\model\\studio.model.ts": {"lines":{"total":0,"covered":0,"skipped":0,"pct":0},"functions":{"total":1,"covered":1,"skipped":0,"pct":0},"statements":{"total":0,"covered":0,"skipped":0,"pct":0},"branches":{"total":1,"covered":1,"skipped":0,"pct":0}}
,"E:\\Fauzan\\Karir\\Peruri\\cinema-booking-fe\\src\\features\\dashboard\\application\\usecase\\getStudioSeats.usecase.ts": {"lines":{"total":14,"covered":0,"skipped":0,"pct":0},"functions":{"total":1,"covered":1,"skipped":0,"pct":100},"statements":{"total":14,"covered":0,"skipped":0,"pct":0},"branches":{"total":1,"covered":1,"skipped":0,"pct":100}}
,"E:\\Fauzan\\Karir\\Peruri\\cinema-booking-fe\\src\\features\\dashboard\\application\\usecase\\getStudios.usecase.ts": {"lines":{"total":5,"covered":0,"skipped":0,"pct":0},"functions":{"total":1,"covered":1,"skipped":0,"pct":100},"statements":{"total":5,"covered":0,"skipped":0,"pct":0},"branches":{"total":1,"covered":1,"skipped":0,"pct":100}}
,"E:\\Fauzan\\Karir\\Peruri\\cinema-booking-fe\\src\\features\\dashboard\\presentation\\components\\StudioCard\\StudioCard.tsx": {"lines":{"total":18,"covered":0,"skipped":0,"pct":0},"functions":{"total":1,"covered":0,"skipped":0,"pct":0},"statements":{"total":18,"covered":0,"skipped":0,"pct":0},"branches":{"total":1,"covered":0,"skipped":0,"pct":0}}
,"E:\\Fauzan\\Karir\\Peruri\\cinema-booking-fe\\src\\features\\studioSeats\\application\\offlineBookingSeat.usecase.ts": {"lines":{"total":4,"covered":0,"skipped":0,"pct":0},"functions":{"total":1,"covered":1,"skipped":0,"pct":100},"statements":{"total":4,"covered":0,"skipped":0,"pct":0},"branches":{"total":1,"covered":1,"skipped":0,"pct":100}}
,"E:\\Fauzan\\Karir\\Peruri\\cinema-booking-fe\\src\\features\\studioSeats\\application\\onlineBookingSeat.usecase.ts": {"lines":{"total":4,"covered":0,"skipped":0,"pct":0},"functions":{"total":1,"covered":1,"skipped":0,"pct":100},"statements":{"total":4,"covered":0,"skipped":0,"pct":0},"branches":{"total":1,"covered":1,"skipped":0,"pct":100}}
,"E:\\Fauzan\\Karir\\Peruri\\cinema-booking-fe\\src\\features\\studioSeats\\presentation\\components\\BookingSeatsButton\\BookingSeatsButton.tsx": {"lines":{"total":25,"covered":25,"skipped":0,"pct":100},"functions":{"total":2,"covered":2,"skipped":0,"pct":100},"statements":{"total":25,"covered":25,"skipped":0,"pct":100},"branches":{"total":8,"covered":7,"skipped":0,"pct":87.5}}
,"E:\\Fauzan\\Karir\\Peruri\\cinema-booking-fe\\src\\features\\studioSeats\\presentation\\components\\CinemaFloorPlan\\CinemaFloorPlan.tsx": {"lines":{"total":12,"covered":12,"skipped":0,"pct":100},"functions":{"total":1,"covered":1,"skipped":0,"pct":100},"statements":{"total":12,"covered":12,"skipped":0,"pct":100},"branches":{"total":1,"covered":1,"skipped":0,"pct":100}}
,"E:\\Fauzan\\Karir\\Peruri\\cinema-booking-fe\\src\\features\\studioSeats\\presentation\\components\\CinemaFloorPlan\\CinemaScreen.tsx": {"lines":{"total":27,"covered":27,"skipped":0,"pct":100},"functions":{"total":0,"covered":0,"skipped":0,"pct":100},"statements":{"total":27,"covered":27,"skipped":0,"pct":100},"branches":{"total":1,"covered":1,"skipped":0,"pct":100}}
,"E:\\Fauzan\\Karir\\Peruri\\cinema-booking-fe\\src\\features\\studioSeats\\presentation\\components\\OfflineBookingButton\\OfflineBookingButton.tsx": {"lines":{"total":29,"covered":0,"skipped":0,"pct":0},"functions":{"total":1,"covered":0,"skipped":0,"pct":0},"statements":{"total":29,"covered":0,"skipped":0,"pct":0},"branches":{"total":1,"covered":0,"skipped":0,"pct":0}}
,"E:\\Fauzan\\Karir\\Peruri\\cinema-booking-fe\\src\\features\\studioSeats\\presentation\\components\\OfflineBookingButton\\OfflineBookingForm.tsx": {"lines":{"total":84,"covered":0,"skipped":0,"pct":0},"functions":{"total":1,"covered":0,"skipped":0,"pct":0},"statements":{"total":84,"covered":0,"skipped":0,"pct":0},"branches":{"total":1,"covered":0,"skipped":0,"pct":0}}
,"E:\\Fauzan\\Karir\\Peruri\\cinema-booking-fe\\src\\features\\studioSeats\\presentation\\components\\OnlineBookingButton\\OnlineBookingButton.tsx": {"lines":{"total":37,"covered":0,"skipped":0,"pct":0},"functions":{"total":1,"covered":0,"skipped":0,"pct":0},"statements":{"total":37,"covered":0,"skipped":0,"pct":0},"branches":{"total":1,"covered":0,"skipped":0,"pct":0}}
,"E:\\Fauzan\\Karir\\Peruri\\cinema-booking-fe\\src\\features\\studioSeats\\presentation\\components\\SeatsConfiguration\\Seat.tsx": {"lines":{"total":30,"covered":30,"skipped":0,"pct":100},"functions":{"total":1,"covered":1,"skipped":0,"pct":100},"statements":{"total":30,"covered":30,"skipped":0,"pct":100},"branches":{"total":9,"covered":8,"skipped":0,"pct":88.88}}
,"E:\\Fauzan\\Karir\\Peruri\\cinema-booking-fe\\src\\features\\studioSeats\\presentation\\components\\SeatsConfiguration\\SeatInformation.tsx": {"lines":{"total":15,"covered":15,"skipped":0,"pct":100},"functions":{"total":1,"covered":1,"skipped":0,"pct":100},"statements":{"total":15,"covered":15,"skipped":0,"pct":100},"branches":{"total":1,"covered":1,"skipped":0,"pct":100}}
,"E:\\Fauzan\\Karir\\Peruri\\cinema-booking-fe\\src\\features\\studioSeats\\presentation\\components\\SeatsConfiguration\\SeatsConfiguration.tsx": {"lines":{"total":34,"covered":32,"skipped":0,"pct":94.11},"functions":{"total":2,"covered":1,"skipped":0,"pct":50},"statements":{"total":34,"covered":32,"skipped":0,"pct":94.11},"branches":{"total":5,"covered":3,"skipped":0,"pct":60}}
,"E:\\Fauzan\\Karir\\Peruri\\cinema-booking-fe\\src\\features\\studioSeats\\presentation\\schema\\offlineBooking.schema.ts": {"lines":{"total":7,"covered":7,"skipped":0,"pct":100},"functions":{"total":0,"covered":0,"skipped":0,"pct":100},"statements":{"total":7,"covered":7,"skipped":0,"pct":100},"branches":{"total":0,"covered":0,"skipped":0,"pct":100}}
,"E:\\Fauzan\\Karir\\Peruri\\cinema-booking-fe\\src\\features\\studioSeats\\presentation\\store\\seat.store.ts": {"lines":{"total":18,"covered":3,"skipped":0,"pct":16.66},"functions":{"total":1,"covered":0,"skipped":0,"pct":0},"statements":{"total":18,"covered":3,"skipped":0,"pct":16.66},"branches":{"total":0,"covered":0,"skipped":0,"pct":100}}
,"E:\\Fauzan\\Karir\\Peruri\\cinema-booking-fe\\src\\features\\ticketValidation\\application\\ticketValidation.usecase.ts": {"lines":{"total":4,"covered":0,"skipped":0,"pct":0},"functions":{"total":1,"covered":1,"skipped":0,"pct":100},"statements":{"total":4,"covered":0,"skipped":0,"pct":0},"branches":{"total":1,"covered":1,"skipped":0,"pct":100}}
,"E:\\Fauzan\\Karir\\Peruri\\cinema-booking-fe\\src\\features\\ticketValidation\\presentation\\components\\TicketInfoModal\\BookingInfo.tsx": {"lines":{"total":33,"covered":33,"skipped":0,"pct":100},"functions":{"total":1,"covered":1,"skipped":0,"pct":100},"statements":{"total":33,"covered":33,"skipped":0,"pct":100},"branches":{"total":3,"covered":1,"skipped":0,"pct":33.33}}
,"E:\\Fauzan\\Karir\\Peruri\\cinema-booking-fe\\src\\features\\ticketValidation\\presentation\\components\\TicketInfoModal\\TicketInfoModal.tsx": {"lines":{"total":24,"covered":0,"skipped":0,"pct":0},"functions":{"total":1,"covered":0,"skipped":0,"pct":0},"statements":{"total":24,"covered":0,"skipped":0,"pct":0},"branches":{"total":1,"covered":0,"skipped":0,"pct":0}}
,"E:\\Fauzan\\Karir\\Peruri\\cinema-booking-fe\\src\\features\\ticketValidation\\presentation\\components\\TicketScanner\\TicketScanner.tsx": {"lines":{"total":57,"covered":0,"skipped":0,"pct":0},"functions":{"total":1,"covered":0,"skipped":0,"pct":0},"statements":{"total":57,"covered":0,"skipped":0,"pct":0},"branches":{"total":1,"covered":0,"skipped":0,"pct":0}}
,"E:\\Fauzan\\Karir\\Peruri\\cinema-booking-fe\\src\\features\\ticketValidation\\presentation\\schema\\ticket.schema.ts": {"lines":{"total":8,"covered":8,"skipped":0,"pct":100},"functions":{"total":0,"covered":0,"skipped":0,"pct":100},"statements":{"total":8,"covered":8,"skipped":0,"pct":100},"branches":{"total":0,"covered":0,"skipped":0,"pct":100}}
,"E:\\Fauzan\\Karir\\Peruri\\cinema-booking-fe\\src\\features\\tickets\\application\\usecase\\getTickets.usecase.ts": {"lines":{"total":3,"covered":0,"skipped":0,"pct":0},"functions":{"total":1,"covered":1,"skipped":0,"pct":100},"statements":{"total":3,"covered":0,"skipped":0,"pct":0},"branches":{"total":1,"covered":1,"skipped":0,"pct":100}}
,"E:\\Fauzan\\Karir\\Peruri\\cinema-booking-fe\\src\\features\\tickets\\presentation\\components\\QRCodeViewer\\QRCodeViewer.tsx": {"lines":{"total":4,"covered":4,"skipped":0,"pct":100},"functions":{"total":1,"covered":1,"skipped":0,"pct":100},"statements":{"total":4,"covered":4,"skipped":0,"pct":100},"branches":{"total":1,"covered":1,"skipped":0,"pct":100}}
,"E:\\Fauzan\\Karir\\Peruri\\cinema-booking-fe\\src\\features\\tickets\\presentation\\components\\QRModalViewer\\QRModalViewer.tsx": {"lines":{"total":23,"covered":0,"skipped":0,"pct":0},"functions":{"total":1,"covered":0,"skipped":0,"pct":0},"statements":{"total":23,"covered":0,"skipped":0,"pct":0},"branches":{"total":1,"covered":0,"skipped":0,"pct":0}}
,"E:\\Fauzan\\Karir\\Peruri\\cinema-booking-fe\\src\\features\\tickets\\presentation\\components\\Ticket\\Ticket.tsx": {"lines":{"total":46,"covered":46,"skipped":0,"pct":100},"functions":{"total":2,"covered":2,"skipped":0,"pct":100},"statements":{"total":46,"covered":46,"skipped":0,"pct":100},"branches":{"total":4,"covered":3,"skipped":0,"pct":75}}
,"E:\\Fauzan\\Karir\\Peruri\\cinema-booking-fe\\src\\features\\tickets\\presentation\\components\\Ticket\\Tickets.tsx": {"lines":{"total":10,"covered":10,"skipped":0,"pct":100},"functions":{"total":1,"covered":1,"skipped":0,"pct":100},"statements":{"total":10,"covered":10,"skipped":0,"pct":100},"branches":{"total":2,"covered":2,"skipped":0,"pct":100}}
,"E:\\Fauzan\\Karir\\Peruri\\cinema-booking-fe\\src\\layouts\\Layout.astro": {"lines":{"total":12,"covered":0,"skipped":0,"pct":0},"functions":{"total":1,"covered":0,"skipped":0,"pct":0},"statements":{"total":12,"covered":0,"skipped":0,"pct":0},"branches":{"total":1,"covered":0,"skipped":0,"pct":0}}
,"E:\\Fauzan\\Karir\\Peruri\\cinema-booking-fe\\src\\layouts\\SeatsLayout.astro": {"lines":{"total":14,"covered":0,"skipped":0,"pct":0},"functions":{"total":1,"covered":0,"skipped":0,"pct":0},"statements":{"total":14,"covered":0,"skipped":0,"pct":0},"branches":{"total":1,"covered":0,"skipped":0,"pct":0}}
,"E:\\Fauzan\\Karir\\Peruri\\cinema-booking-fe\\src\\layouts\\StudiosLayout.astro": {"lines":{"total":22,"covered":0,"skipped":0,"pct":0},"functions":{"total":1,"covered":0,"skipped":0,"pct":0},"statements":{"total":22,"covered":0,"skipped":0,"pct":0},"branches":{"total":1,"covered":0,"skipped":0,"pct":0}}
,"E:\\Fauzan\\Karir\\Peruri\\cinema-booking-fe\\src\\lib\\utils.ts": {"lines":{"total":5,"covered":5,"skipped":0,"pct":100},"functions":{"total":1,"covered":1,"skipped":0,"pct":100},"statements":{"total":5,"covered":5,"skipped":0,"pct":100},"branches":{"total":1,"covered":1,"skipped":0,"pct":100}}
,"E:\\Fauzan\\Karir\\Peruri\\cinema-booking-fe\\src\\pages\\index.astro": {"lines":{"total":4,"covered":0,"skipped":0,"pct":0},"functions":{"total":1,"covered":0,"skipped":0,"pct":0},"statements":{"total":4,"covered":0,"skipped":0,"pct":0},"branches":{"total":1,"covered":0,"skipped":0,"pct":0}}
,"E:\\Fauzan\\Karir\\Peruri\\cinema-booking-fe\\src\\pages\\profile.astro": {"lines":{"total":18,"covered":0,"skipped":0,"pct":0},"functions":{"total":1,"covered":0,"skipped":0,"pct":0},"statements":{"total":18,"covered":0,"skipped":0,"pct":0},"branches":{"total":1,"covered":0,"skipped":0,"pct":0}}
,"E:\\Fauzan\\Karir\\Peruri\\cinema-booking-fe\\src\\pages\\tickets.astro": {"lines":{"total":20,"covered":0,"skipped":0,"pct":0},"functions":{"total":1,"covered":0,"skipped":0,"pct":0},"statements":{"total":20,"covered":0,"skipped":0,"pct":0},"branches":{"total":1,"covered":0,"skipped":0,"pct":0}}
,"E:\\Fauzan\\Karir\\Peruri\\cinema-booking-fe\\src\\pages\\admin\\index.astro": {"lines":{"total":4,"covered":0,"skipped":0,"pct":0},"functions":{"total":1,"covered":0,"skipped":0,"pct":0},"statements":{"total":4,"covered":0,"skipped":0,"pct":0},"branches":{"total":1,"covered":0,"skipped":0,"pct":0}}
,"E:\\Fauzan\\Karir\\Peruri\\cinema-booking-fe\\src\\pages\\admin\\ticket-validations.astro": {"lines":{"total":4,"covered":0,"skipped":0,"pct":0},"functions":{"total":1,"covered":0,"skipped":0,"pct":0},"statements":{"total":4,"covered":0,"skipped":0,"pct":0},"branches":{"total":1,"covered":0,"skipped":0,"pct":0}}
,"E:\\Fauzan\\Karir\\Peruri\\cinema-booking-fe\\src\\pages\\admin\\studio-seats\\[studioId].astro": {"lines":{"total":15,"covered":0,"skipped":0,"pct":0},"functions":{"total":1,"covered":0,"skipped":0,"pct":0},"statements":{"total":15,"covered":0,"skipped":0,"pct":0},"branches":{"total":1,"covered":0,"skipped":0,"pct":0}}
,"E:\\Fauzan\\Karir\\Peruri\\cinema-booking-fe\\src\\pages\\api\\online-bookings.ts": {"lines":{"total":23,"covered":0,"skipped":0,"pct":0},"functions":{"total":1,"covered":0,"skipped":0,"pct":0},"statements":{"total":23,"covered":0,"skipped":0,"pct":0},"branches":{"total":1,"covered":0,"skipped":0,"pct":0}}
,"E:\\Fauzan\\Karir\\Peruri\\cinema-booking-fe\\src\\pages\\api\\auth\\[...all].ts": {"lines":{"total":7,"covered":0,"skipped":0,"pct":0},"functions":{"total":1,"covered":0,"skipped":0,"pct":0},"statements":{"total":7,"covered":0,"skipped":0,"pct":0},"branches":{"total":1,"covered":0,"skipped":0,"pct":0}}
,"E:\\Fauzan\\Karir\\Peruri\\cinema-booking-fe\\src\\pages\\api\\auth\\callback.ts": {"lines":{"total":28,"covered":0,"skipped":0,"pct":0},"functions":{"total":1,"covered":1,"skipped":0,"pct":100},"statements":{"total":28,"covered":0,"skipped":0,"pct":0},"branches":{"total":1,"covered":1,"skipped":0,"pct":100}}
,"E:\\Fauzan\\Karir\\Peruri\\cinema-booking-fe\\src\\pages\\api\\auth\\google-sso.ts": {"lines":{"total":16,"covered":0,"skipped":0,"pct":0},"functions":{"total":1,"covered":1,"skipped":0,"pct":100},"statements":{"total":16,"covered":0,"skipped":0,"pct":0},"branches":{"total":1,"covered":1,"skipped":0,"pct":100}}
,"E:\\Fauzan\\Karir\\Peruri\\cinema-booking-fe\\src\\pages\\api\\auth\\login.ts": {"lines":{"total":28,"covered":0,"skipped":0,"pct":0},"functions":{"total":1,"covered":0,"skipped":0,"pct":0},"statements":{"total":28,"covered":0,"skipped":0,"pct":0},"branches":{"total":1,"covered":0,"skipped":0,"pct":0}}
,"E:\\Fauzan\\Karir\\Peruri\\cinema-booking-fe\\src\\pages\\api\\auth\\logout.ts": {"lines":{"total":16,"covered":0,"skipped":0,"pct":0},"functions":{"total":1,"covered":1,"skipped":0,"pct":100},"statements":{"total":16,"covered":0,"skipped":0,"pct":0},"branches":{"total":1,"covered":1,"skipped":0,"pct":100}}
,"E:\\Fauzan\\Karir\\Peruri\\cinema-booking-fe\\src\\pages\\auth\\login.astro": {"lines":{"total":9,"covered":0,"skipped":0,"pct":0},"functions":{"total":1,"covered":0,"skipped":0,"pct":0},"statements":{"total":9,"covered":0,"skipped":0,"pct":0},"branches":{"total":1,"covered":0,"skipped":0,"pct":0}}
,"E:\\Fauzan\\Karir\\Peruri\\cinema-booking-fe\\src\\pages\\auth\\register.astro": {"lines":{"total":4,"covered":0,"skipped":0,"pct":0},"functions":{"total":1,"covered":0,"skipped":0,"pct":0},"statements":{"total":4,"covered":0,"skipped":0,"pct":0},"branches":{"total":1,"covered":0,"skipped":0,"pct":0}}
,"E:\\Fauzan\\Karir\\Peruri\\cinema-booking-fe\\src\\pages\\studio-seats\\[studioId].astro": {"lines":{"total":16,"covered":0,"skipped":0,"pct":0},"functions":{"total":1,"covered":0,"skipped":0,"pct":0},"statements":{"total":16,"covered":0,"skipped":0,"pct":0},"branches":{"total":1,"covered":0,"skipped":0,"pct":0}}
}
